0 info it worked if it ends with ok
1 verbose cli [ '/usr/bin/nodejs',
1 verbose cli   '/usr/bin/npm',
1 verbose cli   'install',
1 verbose cli   'caniuse-db/features-json/css-boxshadow',
1 verbose cli   '--save' ]
2 info using npm@2.14.7
3 info using node@v4.2.3
4 verbose install initial load of /home/mervo/merv/midasjs-showcase/package.json
5 warn package.json midas@0.0.0 No license field.
6 verbose installManyTop reading scoped package data from /home/mervo/merv/midasjs-showcase/node_modules/bower/package.json
7 verbose installManyTop reading scoped package data from /home/mervo/merv/midasjs-showcase/node_modules/grunt/package.json
8 verbose installManyTop reading scoped package data from /home/mervo/merv/midasjs-showcase/node_modules/grunt-autoprefixer/package.json
9 verbose installManyTop reading scoped package data from /home/mervo/merv/midasjs-showcase/node_modules/grunt-concurrent/package.json
10 verbose installManyTop reading scoped package data from /home/mervo/merv/midasjs-showcase/node_modules/grunt-connect-proxy/package.json
11 verbose installManyTop reading scoped package data from /home/mervo/merv/midasjs-showcase/node_modules/grunt-contrib-clean/package.json
12 verbose installManyTop reading scoped package data from /home/mervo/merv/midasjs-showcase/node_modules/grunt-contrib-concat/package.json
13 verbose installManyTop reading scoped package data from /home/mervo/merv/midasjs-showcase/node_modules/grunt-contrib-connect/package.json
14 verbose installManyTop reading scoped package data from /home/mervo/merv/midasjs-showcase/node_modules/grunt-contrib-copy/package.json
15 verbose installManyTop reading scoped package data from /home/mervo/merv/midasjs-showcase/node_modules/grunt-contrib-cssmin/package.json
16 verbose installManyTop reading scoped package data from /home/mervo/merv/midasjs-showcase/node_modules/grunt-contrib-htmlmin/package.json
17 verbose installManyTop reading scoped package data from /home/mervo/merv/midasjs-showcase/node_modules/grunt-contrib-imagemin/package.json
18 verbose installManyTop reading scoped package data from /home/mervo/merv/midasjs-showcase/node_modules/grunt-contrib-jshint/package.json
19 verbose installManyTop reading scoped package data from /home/mervo/merv/midasjs-showcase/node_modules/grunt-contrib-uglify/package.json
20 verbose installManyTop reading scoped package data from /home/mervo/merv/midasjs-showcase/node_modules/grunt-contrib-watch/package.json
21 verbose installManyTop reading scoped package data from /home/mervo/merv/midasjs-showcase/node_modules/grunt-filerev/package.json
22 verbose installManyTop reading scoped package data from /home/mervo/merv/midasjs-showcase/node_modules/grunt-google-cdn/package.json
23 verbose installManyTop reading scoped package data from /home/mervo/merv/midasjs-showcase/node_modules/grunt-injector/package.json
24 verbose installManyTop reading scoped package data from /home/mervo/merv/midasjs-showcase/node_modules/grunt-karma/package.json
25 verbose installManyTop reading scoped package data from /home/mervo/merv/midasjs-showcase/node_modules/grunt-newer/package.json
26 verbose installManyTop reading scoped package data from /home/mervo/merv/midasjs-showcase/node_modules/grunt-ng-annotate/package.json
27 verbose installManyTop reading scoped package data from /home/mervo/merv/midasjs-showcase/node_modules/grunt-ng-constant/package.json
28 verbose installManyTop reading scoped package data from /home/mervo/merv/midasjs-showcase/node_modules/grunt-svgmin/package.json
29 verbose installManyTop reading scoped package data from /home/mervo/merv/midasjs-showcase/node_modules/grunt-usemin/package.json
30 verbose installManyTop reading scoped package data from /home/mervo/merv/midasjs-showcase/node_modules/grunt-wiredep/package.json
31 verbose installManyTop reading scoped package data from /home/mervo/merv/midasjs-showcase/node_modules/jasmine-core/package.json
32 verbose installManyTop reading scoped package data from /home/mervo/merv/midasjs-showcase/node_modules/jshint-stylish/package.json
33 verbose installManyTop reading scoped package data from /home/mervo/merv/midasjs-showcase/node_modules/karma/package.json
34 verbose installManyTop reading scoped package data from /home/mervo/merv/midasjs-showcase/node_modules/karma-jasmine/package.json
35 verbose installManyTop reading scoped package data from /home/mervo/merv/midasjs-showcase/node_modules/karma-phantomjs-launcher/package.json
36 verbose installManyTop reading scoped package data from /home/mervo/merv/midasjs-showcase/node_modules/load-grunt-tasks/package.json
37 verbose installManyTop reading scoped package data from /home/mervo/merv/midasjs-showcase/node_modules/phantomjs/package.json
38 verbose installManyTop reading scoped package data from /home/mervo/merv/midasjs-showcase/node_modules/time-grunt/package.json
39 info package.json grunt@0.4.5 No license field.
40 info package.json grunt-connect-proxy@0.2.0 No license field.
41 info package.json grunt-contrib-concat@0.5.1 No license field.
42 info package.json grunt-filerev@2.3.1 license should be a valid SPDX license expression
43 info package.json grunt-google-cdn@0.4.3 license should be a valid SPDX license expression
44 info package.json grunt-contrib-watch@0.6.1 No license field.
45 info package.json grunt-injector@0.6.1 No license field.
46 info package.json grunt-ng-constant@1.1.0 No license field.
47 info package.json grunt-svgmin@3.1.0 No license field.
48 info package.json grunt-wiredep@2.0.0 No license field.
49 verbose readDependencies loading dependencies from /home/mervo/merv/midasjs-showcase/package.json
50 silly cache add args [ 'caniuse-db/features-json/css-boxshadow', null ]
51 verbose cache add spec caniuse-db/features-json/css-boxshadow
52 silly cache add parsed spec Result {
52 silly cache add   raw: 'caniuse-db/features-json/css-boxshadow',
52 silly cache add   scope: null,
52 silly cache add   name: null,
52 silly cache add   rawSpec: 'caniuse-db/features-json/css-boxshadow',
52 silly cache add   spec: '/home/mervo/merv/midasjs-showcase/caniuse-db/features-json/css-boxshadow',
52 silly cache add   type: 'local' }
53 error addLocal Could not install /home/mervo/merv/midasjs-showcase/caniuse-db/features-json/css-boxshadow
54 verbose stack Error: ENOENT: no such file or directory, open '/home/mervo/merv/midasjs-showcase/caniuse-db/features-json/css-boxshadow'
54 verbose stack     at Error (native)
55 verbose cwd /home/mervo/merv/midasjs-showcase
56 error Linux 3.19.0-39-generic
57 error argv "/usr/bin/nodejs" "/usr/bin/npm" "install" "caniuse-db/features-json/css-boxshadow" "--save"
58 error node v4.2.3
59 error npm  v2.14.7
60 error path /home/mervo/merv/midasjs-showcase/caniuse-db/features-json/css-boxshadow
61 error code ENOENT
62 error errno -2
63 error syscall open
64 error enoent ENOENT: no such file or directory, open '/home/mervo/merv/midasjs-showcase/caniuse-db/features-json/css-boxshadow'
64 error enoent This is most likely not a problem with npm itself
64 error enoent and is related to npm not being able to find a file.
65 verbose exit [ -2, true ]
